<?xml version="1.0" encoding="UTF-8"?>
<!-- Generated by org.testng.reporters.JUnitXMLReporter -->
<testsuite ignored="1" hostname="DESKTOP-M76SOK6" failures="0" tests="11" name="Test" time="59.326" errors="0" timestamp="2025-08-19T20:12:34 IST">
  <testcase classname="yesMechanic.UserPanel" name="loginpage" time="14.223"/>
  <testcase classname="yesMechanic.UserPanel" name="verifyotp" time="5.286"/>
  <testcase classname="yesMechanic.UserPanel" name="location" time="2.183"/>
  <testcase classname="yesMechanic.UserPanel" name="notifications" time="10.066"/>
  <testcase classname="yesMechanic.UserPanel" name="services" time="2.294"/>
  <testcase classname="yesMechanic.UserPanel" name="spareparts" time="2.25"/>
  <testcase classname="yesMechanic.UserPanel" name="BookingCart" time="2.255"/>
  <testcase classname="yesMechanic.UserPanel" name="Booking" time="8.717"/>
  <testcase classname="yesMechanic.UserPanel" name="Offers" time="2.303"/>
  <testcase classname="yesMechanic.UserPanel" name="Enquiry" time="2.318"/>
  <testcase classname="yesMechanic.UserPanel" name="logout" time="3.666"/>
  <testcase classname="yesMechanic.UserPanel" name="homepage" time="0.0">
    <ignored/>
  </testcase> <!-- homepage -->
</testsuite> <!-- Test -->
