<?xml version="1.0" encoding="UTF-8"?>
<!-- Generated by org.testng.reporters.JUnitXMLReporter -->
<testsuite ignored="0" hostname="DESKTOP-M76SOK6" failures="0" tests="9" name="Test" time="106.241" errors="0" timestamp="2025-08-17T23:37:34 IST">
  <testcase classname="yesMechanic.AdminPanel" name="LoginPage" time="10.935"/>
  <testcase classname="yesMechanic.AdminPanel" name="dashboard" time="7.641"/>
  <testcase classname="yesMechanic.AdminPanel" name="servicerequest" time="3.565"/>
  <testcase classname="yesMechanic.AdminPanel" name="schedulerequest" time="2.487"/>
  <testcase classname="yesMechanic.AdminPanel" name="orders" time="3.611"/>
  <testcase classname="yesMechanic.AdminPanel" name="partner" time="26.152"/>
  <testcase classname="yesMechanic.AdminPanel" name="jobcards" time="5.135"/>
  <testcase classname="yesMechanic.AdminPanel" name="citymanagement" time="30.311"/>
  <testcase classname="yesMechanic.AdminPanel" name="vehicle" time="10.638"/>
</testsuite> <!-- Test -->
